# JRE version: OpenJDK Runtime Environment (11.0.11+9) (build 11.0.11+9-Ubuntu-0ubuntu2.18.04)
# Java VM: OpenJDK 64-Bit Server VM (11.0.11+9-Ubuntu-0ubuntu2.18.04, mixed mode, sharing, tiered, compressed oops, g1 gc, linux-amd64)
Heap:
 garbage-first heap   total 129024K, used 36900K [0x0000000085400000, 0x0000000100000000)
  region size 1024K, 16 young (16384K), 7 survivors (7168K)
 Metaspace       used 58135K, capacity 60075K, committed 60280K, reserved 1101824K
  class space    used 8016K, capacity 8781K, committed 8832K, reserved 1048576K
GC Heap History (20 events):
Event: 44.171 GC heap before
{Heap before GC invocations=6 (full 0):
 garbage-first heap   total 129024K, used 67440K [0x0000000085400000, 0x0000000100000000)
  region size 1024K, 61 young (62464K), 5 survivors (5120K)
 Metaspace       used 20191K, capacity 21074K, committed 21248K, reserved 1067008K
  class space    used 2643K, capacity 3006K, committed 3072K, reserved 1048576K
}
Event: 44.190 GC heap after
{Heap after GC invocations=7 (full 0):
 garbage-first heap   total 129024K, used 13054K [0x0000000085400000, 0x0000000100000000)
  region size 1024K, 6 young (6144K), 6 survivors (6144K)
 Metaspace       used 20191K, capacity 21074K, committed 21248K, reserved 1067008K
  class space    used 2643K, capacity 3006K, committed 3072K, reserved 1048576K
}
Event: 50.055 GC heap before
{Heap before GC invocations=8 (full 0):
 garbage-first heap   total 129024K, used 82686K [0x0000000085400000, 0x0000000100000000)
  region size 1024K, 74 young (75776K), 6 survivors (6144K)
 Metaspace       used 23279K, capacity 24299K, committed 24576K, reserved 1071104K
  class space    used 3081K, capacity 3483K, committed 3584K, reserved 1048576K
}
Event: 50.080 GC heap after
{Heap after GC invocations=9 (full 0):
 garbage-first heap   total 129024K, used 14794K [0x0000000085400000, 0x0000000100000000)
  region size 1024K, 7 young (7168K), 7 survivors (7168K)
 Metaspace       used 23279K, capacity 24299K, committed 24576K, reserved 1071104K
  class space    used 3081K, capacity 3483K, committed 3584K, reserved 1048576K
}
Event: 60.930 GC heap before
{Heap before GC invocations=9 (full 0):
 garbage-first heap   total 129024K, used 83402K [0x0000000085400000, 0x0000000100000000)
  region size 1024K, 74 young (75776K), 7 survivors (7168K)
 Metaspace       used 27953K, capacity 29263K, committed 29440K, reserved 1075200K
  class space    used 3790K, capacity 4316K, committed 4352K, reserved 1048576K
}
Event: 60.946 GC heap after
{Heap after GC invocations=10 (full 0):
 garbage-first heap   total 129024K, used 16975K [0x0000000085400000, 0x0000000100000000)
  region size 1024K, 8 young (8192K), 8 survivors (8192K)
 Metaspace       used 27953K, capacity 29263K, committed 29440K, reserved 1075200K
  class space    used 3790K, capacity 4316K, committed 4352K, reserved 1048576K
}
Event: 68.617 GC heap before
{Heap before GC invocations=10 (full 0):
 garbage-first heap   total 129024K, used 83535K [0x0000000085400000, 0x0000000100000000)
  region size 1024K, 74 young (75776K), 8 survivors (8192K)
 Metaspace       used 29908K, capacity 31232K, committed 31488K, reserved 1077248K
  class space    used 4001K, capacity 4523K, committed 4608K, reserved 1048576K
}
Event: 68.633 GC heap after
{Heap after GC invocations=11 (full 0):
 garbage-first heap   total 129024K, used 18352K [0x0000000085400000, 0x0000000100000000)
  region size 1024K, 7 young (7168K), 7 survivors (7168K)
 Metaspace       used 29908K, capacity 31232K, committed 31488K, reserved 1077248K
  class space    used 4001K, capacity 4523K, committed 4608K, reserved 1048576K
}
Event: 79.403 GC heap before
{Heap before GC invocations=11 (full 0):
 garbage-first heap   total 129024K, used 71600K [0x0000000085400000, 0x0000000100000000)
  region size 1024K, 61 young (62464K), 7 survivors (7168K)
 Metaspace       used 34280K, capacity 35686K, committed 35840K, reserved 1079296K
  class space    used 4570K, capacity 5099K, committed 5120K, reserved 1048576K
}
Event: 79.415 GC heap after
{Heap after GC invocations=12 (full 0):
 garbage-first heap   total 129024K, used 19143K [0x0000000085400000, 0x0000000100000000)
  region size 1024K, 7 young (7168K), 7 survivors (7168K)
 Metaspace       used 34280K, capacity 35686K, committed 35840K, reserved 1079296K
  class space    used 4570K, capacity 5099K, committed 5120K, reserved 1048576K
}
Event: 97.651 GC heap before
{Heap before GC invocations=13 (full 0):
 garbage-first heap   total 129024K, used 87751K [0x0000000085400000, 0x0000000100000000)
  region size 1024K, 74 young (75776K), 7 survivors (7168K)
 Metaspace       used 40282K, capacity 41739K, committed 41984K, reserved 1085440K
  class space    used 5462K, capacity 6050K, committed 6144K, reserved 1048576K
}
Event: 97.694 GC heap after
{Heap after GC invocations=14 (full 0):
 garbage-first heap   total 129024K, used 21898K [0x0000000085400000, 0x0000000100000000)
  region size 1024K, 8 young (8192K), 8 survivors (8192K)
 Metaspace       used 40282K, capacity 41739K, committed 41984K, reserved 1085440K
  class space    used 5462K, capacity 6050K, committed 6144K, reserved 1048576K
}
Event: 115.190 GC heap before
{Heap before GC invocations=14 (full 0):
 garbage-first heap   total 129024K, used 89482K [0x0000000085400000, 0x0000000100000000)
  region size 1024K, 74 young (75776K), 8 survivors (8192K)
 Metaspace       used 46381K, capacity 47917K, committed 48384K, reserved 1091584K
  class space    used 6266K, capacity 6847K, committed 6912K, reserved 1048576K
}
Event: 115.202 GC heap after
{Heap after GC invocations=15 (full 0):
 garbage-first heap   total 129024K, used 23320K [0x0000000085400000, 0x0000000100000000)
  region size 1024K, 7 young (7168K), 7 survivors (7168K)
 Metaspace       used 46381K, capacity 47917K, committed 48384K, reserved 1091584K
  class space    used 6266K, capacity 6847K, committed 6912K, reserved 1048576K
}
Event: 135.362 GC heap before
{Heap before GC invocations=15 (full 0):
 garbage-first heap   total 129024K, used 91928K [0x0000000085400000, 0x0000000100000000)
  region size 1024K, 74 young (75776K), 7 survivors (7168K)
 Metaspace       used 51525K, capacity 53121K, committed 53632K, reserved 1095680K
  class space    used 7096K, capacity 7705K, committed 7808K, reserved 1048576K
}
Event: 135.374 GC heap after
{Heap after GC invocations=16 (full 0):
 garbage-first heap   total 129024K, used 24672K [0x0000000085400000, 0x0000000100000000)
  region size 1024K, 6 young (6144K), 6 survivors (6144K)
 Metaspace       used 51525K, capacity 53121K, committed 53632K, reserved 1095680K
  class space    used 7096K, capacity 7705K, committed 7808K, reserved 1048576K
}
Event: 156.396 GC heap before
{Heap before GC invocations=16 (full 0):
 garbage-first heap   total 129024K, used 94304K [0x0000000085400000, 0x0000000100000000)
  region size 1024K, 74 young (75776K), 6 survivors (6144K)
 Metaspace       used 55850K, capacity 57706K, committed 58112K, reserved 1099776K
  class space    used 7677K, capacity 8380K, committed 8448K, reserved 1048576K
}
Event: 156.456 GC heap after
{Heap after GC invocations=17 (full 0):
 garbage-first heap   total 129024K, used 26903K [0x0000000085400000, 0x0000000100000000)
  region size 1024K, 8 young (8192K), 8 survivors (8192K)
 Metaspace       used 55850K, capacity 57706K, committed 58112K, reserved 1099776K
  class space    used 7677K, capacity 8380K, committed 8448K, reserved 1048576K
}
Event: 165.287 GC heap before
{Heap before GC invocations=17 (full 0):
 garbage-first heap   total 129024K, used 63767K [0x0000000085400000, 0x0000000100000000)
  region size 1024K, 45 young (46080K), 8 survivors (8192K)
 Metaspace       used 57900K, capacity 59740K, committed 59904K, reserved 1099776K
  class space    used 7963K, capacity 8693K, committed 8704K, reserved 1048576K
}
Event: 165.303 GC heap after
{Heap after GC invocations=18 (full 0):
 garbage-first heap   total 129024K, used 28708K [0x0000000085400000, 0x0000000100000000)
  region size 1024K, 7 young (7168K), 7 survivors (7168K)
 Metaspace       used 57900K, capacity 59740K, committed 59904K, reserved 1099776K
  class space    used 7963K, capacity 8693K, committed 8704K, reserved 1048576K
}

